{"/Users/jeromechardin/testPretyMe/src/convertToRoman.js": {"path":"/Users/jeromechardin/testPretyMe/src/convertToRoman.js","statementMap":{"0":{"start":{"line":1,"column":23},"end":{"line":20,"column":1}},"1":{"start":{"line":2,"column":2},"end":{"line":2,"column":28}},"2":{"start":{"line":3,"column":2},"end":{"line":5,"column":3}},"3":{"start":{"line":4,"column":4},"end":{"line":4,"column":28}},"4":{"start":{"line":6,"column":15},"end":{"line":6,"column":17}},"5":{"start":{"line":7,"column":12},"end":{"line":7,"column":45}},"6":{"start":{"line":8,"column":12},"end":{"line":8,"column":53}},"7":{"start":{"line":9,"column":10},"end":{"line":9,"column":24}},"8":{"start":{"line":10,"column":2},"end":{"line":18,"column":3}},"9":{"start":{"line":11,"column":14},"end":{"line":11,"column":41}},"10":{"start":{"line":12,"column":4},"end":{"line":12,"column":29}},"11":{"start":{"line":13,"column":4},"end":{"line":16,"column":5}},"12":{"start":{"line":14,"column":6},"end":{"line":14,"column":41}},"13":{"start":{"line":15,"column":6},"end":{"line":15,"column":20}},"14":{"start":{"line":17,"column":4},"end":{"line":17,"column":14}},"15":{"start":{"line":19,"column":2},"end":{"line":19,"column":16}},"16":{"start":{"line":21,"column":0},"end":{"line":21,"column":32}}},"fnMap":{"0":{"name":"(anonymous_0)","decl":{"start":{"line":1,"column":23},"end":{"line":1,"column":24}},"loc":{"start":{"line":1,"column":35},"end":{"line":20,"column":1}},"line":1}},"branchMap":{"0":{"loc":{"start":{"line":3,"column":2},"end":{"line":5,"column":3}},"type":"if","locations":[{"start":{"line":3,"column":2},"end":{"line":5,"column":3}},{"start":{"line":3,"column":2},"end":{"line":5,"column":3}}],"line":3},"1":{"loc":{"start":{"line":3,"column":6},"end":{"line":3,"column":43}},"type":"binary-expr","locations":[{"start":{"line":3,"column":6},"end":{"line":3,"column":13}},{"start":{"line":3,"column":17},"end":{"line":3,"column":27}},{"start":{"line":3,"column":31},"end":{"line":3,"column":43}}],"line":3}},"s":{"0":1,"1":9,"2":9,"3":4,"4":5,"5":5,"6":5,"7":5,"8":5,"9":42,"10":42,"11":42,"12":14,"13":14,"14":42,"15":5,"16":1},"f":{"0":9},"b":{"0":[4,5],"1":[9,7,6]},"_coverageSchema":"1a1c01bbd47fc00a2c39e90264f33305004495a9","hash":"b6ffa1ae3a218e2c6a6363a379dbc3b332764137"}
}
